Build started 6/25/2013 4:45:49 PM.
     1>Project "C:\Users\linda\Dropbox\Stereo\DisparityCalculation\DisparityCalculation.vcxproj" on node 2 (build target(s)).
     1>InitializeBuildStatus:
         Touching "x64\Debug\DisparityCalculation.unsuccessfulbuild".
       ClCompile:
         c:\Program Files (x86)\Microsoft Visual Studio 10.0\VC\bin\x86_amd64\CL.exe /c /I"C:\Program Files\Point Grey Research\FlyCapture2\include" /Zi /nologo /W3 /WX- /Od /D WIN32 /D _DEBUG /D _CONSOLE /D _UNICODE /D UNICODE /Gm /EHsc /RTC1 /MDd /GS /fp:precise /Zc:wchar_t /Zc:forScope /Fo"x64\Debug\\" /Fd"x64\Debug\vc100.pdb" /Gd /TP /errorReport:prompt calibrate.cpp main.cpp
         main.cpp
         calibrate.cpp
     1>c:\opencv\build\include\opencv2\flann\logger.h(66): warning C4996: 'fopen': This function or variable may be unsafe. Consider using fopen_s instead. To disable deprecation, use _CRT_SECURE_NO_WARNINGS. See online help for details.
                 c:\Program Files (x86)\Microsoft Visual Studio 10.0\VC\include\stdio.h(234) : see declaration of 'fopen'
     1>calibrate.cpp(5): fatal error C1083: Cannot open include file: 'FlyCapture2.h': No such file or directory
         Generating Code...
     1>Done Building Project "C:\Users\linda\Dropbox\Stereo\DisparityCalculation\DisparityCalculation.vcxproj" (build target(s)) -- FAILED.

Build FAILED.

Time Elapsed 00:00:02.83
